#-----------------------------------------------------------
# Vivado v2020.1 (64-bit)
# SW Build 2902540 on Wed May 27 19:54:49 MDT 2020
# IP Build 2902112 on Wed May 27 22:43:36 MDT 2020
# Start of session at: Tue Mar  2 15:51:36 2021
# Process ID: 2892
# Current directory: C:/Users/andre/Documents/GitHub/UofCProjectHermes/eBPF_Core
# Command line: vivado.exe -gui_launcher_event rodinguilauncherevent26632 C:\Users\andre\Documents\GitHub\UofCProjectHermes\eBPF_Core\eBPF_Core.xpr
# Log file: C:/Users/andre/Documents/GitHub/UofCProjectHermes/eBPF_Core/vivado.log
# Journal file: C:/Users/andre/Documents/GitHub/UofCProjectHermes/eBPF_Core\vivado.jou
#-----------------------------------------------------------
start_gui
open_project C:/Users/andre/Documents/GitHub/UofCProjectHermes/eBPF_Core/eBPF_Core.xpr
Scanning sources...
Finished scanning sources
INFO: [IP_Flow 19-234] Refreshing IP repositories
INFO: [IP_Flow 19-1704] No user IP repositories specified
INFO: [IP_Flow 19-2313] Loaded Vivado IP repository 'D:/Vivado/Vivado/2020.1/data/ip'.
open_project: Time (s): cpu = 00:00:15 ; elapsed = 00:00:13 . Memory (MB): peak = 1025.016 ; gain = 0.000
update_compile_order -fileset sources_1
exit
INFO: [Common 17-206] Exiting Vivado at Wed Mar  3 20:06:21 2021...
