#-----------------------------------------------------------
# Vivado v2020.1 (64-bit)
# SW Build 2902540 on Wed May 27 19:54:49 MDT 2020
# IP Build 2902112 on Wed May 27 22:43:36 MDT 2020
# Start of session at: Thu Jan 28 21:04:54 2021
# Process ID: 3380
# Current directory: C:/Users/andre/Documents/GitHub/UofCProjectHermes/eBPF_Core
# Command line: vivado.exe -gui_launcher_event rodinguilauncherevent4472 C:\Users\andre\Documents\GitHub\UofCProjectHermes\eBPF_Core\eBPF_Core.xpr
# Log file: C:/Users/andre/Documents/GitHub/UofCProjectHermes/eBPF_Core/vivado.log
# Journal file: C:/Users/andre/Documents/GitHub/UofCProjectHermes/eBPF_Core\vivado.jou
#-----------------------------------------------------------
start_gui
open_project C:/Users/andre/Documents/GitHub/UofCProjectHermes/eBPF_Core/eBPF_Core.xpr
Scanning sources...
Finished scanning sources
IINFO: [IP_Flow 19-234] Refreshing IP repositories
INFO: [IP_Flow 19-1704] No user IP repositories specifiedINFO: [IP_Flow 19-2313] Loaded Vivado IP repository 'D:/Vivado/Vivado/2020.1/data/ip'.
oopen_project: Time (s): cpu = 00:00:17 ; elapsed = 00:00:15 . Memory (MB): peak = 1024.648 ; gain = 0.000update_compile_order -fileset sources_1

exit
INFO: [Common 17-206] Exiting Vivado at Thu Jan 28 21:05:48 2021...
